{"/Users/quinnjohnson/Desktop/PokemonFront/src/constants.ts": {"path":"/Users/quinnjohnson/Desktop/PokemonFront/src/constants.ts","statementMap":{"0":{"start":{"line":1,"column":13},"end":{"line":362,"column":4}}},"fnMap":{},"branchMap":{},"s":{"0":0},"f":{},"b":{}}
,"/Users/quinnjohnson/Desktop/PokemonFront/src/interfaces.ts": {"path":"/Users/quinnjohnson/Desktop/PokemonFront/src/interfaces.ts","statementMap":{"0":{"start":{"line":65,"column":15},"end":{"line":84,"column":4}}},"fnMap":{},"branchMap":{},"s":{"0":0},"f":{},"b":{}}
,"/Users/quinnjohnson/Desktop/PokemonFront/src/starfield.ts": {"path":"/Users/quinnjohnson/Desktop/PokemonFront/src/starfield.ts","statementMap":{"0":{"start":{"line":1,"column":39},"end":{"line":42,"column":3}},"1":{"start":{"line":2,"column":19},"end":{"line":2,"column":36}},"2":{"start":{"line":3,"column":16},"end":{"line":3,"column":40}},"3":{"start":{"line":6,"column":4},"end":{"line":37,"column":null}},"4":{"start":{"line":7,"column":6},"end":{"line":7,"column":39}},"5":{"start":{"line":8,"column":6},"end":{"line":8,"column":41}},"6":{"start":{"line":10,"column":61},"end":{"line":10,"column":63}},"7":{"start":{"line":11,"column":6},"end":{"line":16,"column":null}},"8":{"start":{"line":11,"column":19},"end":{"line":11,"column":20}},"9":{"start":{"line":12,"column":18},"end":{"line":12,"column":46}},"10":{"start":{"line":13,"column":18},"end":{"line":13,"column":47}},"11":{"start":{"line":14,"column":20},"end":{"line":14,"column":39}},"12":{"start":{"line":15,"column":8},"end":{"line":15,"column":34}},"13":{"start":{"line":18,"column":21},"end":{"line":34,"column":7}},"14":{"start":{"line":19,"column":8},"end":{"line":19,"column":57}},"15":{"start":{"line":20,"column":8},"end":{"line":20,"column":32}},"16":{"start":{"line":21,"column":8},"end":{"line":25,"column":null}},"17":{"start":{"line":22,"column":10},"end":{"line":22,"column":26}},"18":{"start":{"line":23,"column":10},"end":{"line":23,"column":60}},"19":{"start":{"line":24,"column":10},"end":{"line":24,"column":21}},"20":{"start":{"line":27,"column":8},"end":{"line":32,"column":null}},"21":{"start":{"line":28,"column":10},"end":{"line":28,"column":23}},"22":{"start":{"line":29,"column":10},"end":{"line":31,"column":null}},"23":{"start":{"line":30,"column":12},"end":{"line":30,"column":23}},"24":{"start":{"line":33,"column":8},"end":{"line":33,"column":57}},"25":{"start":{"line":36,"column":6},"end":{"line":36,"column":15}},"26":{"start":{"line":39,"column":4},"end":{"line":41,"column":6}},"27":{"start":{"line":40,"column":6},"end":{"line":40,"column":45}},"28":{"start":{"line":1,"column":13},"end":{"line":1,"column":39}}},"fnMap":{"0":{"name":"(anonymous_0)","decl":{"start":{"line":1,"column":39},"end":{"line":1,"column":40}},"loc":{"start":{"line":1,"column":89},"end":{"line":42,"column":3}}},"1":{"name":"(anonymous_1)","decl":{"start":{"line":18,"column":21},"end":{"line":18,"column":24}},"loc":{"start":{"line":18,"column":26},"end":{"line":34,"column":7}}},"2":{"name":"(anonymous_2)","decl":{"start":{"line":39,"column":11},"end":{"line":39,"column":14}},"loc":{"start":{"line":39,"column":16},"end":{"line":41,"column":5}}}},"branchMap":{"0":{"loc":{"start":{"line":6,"column":4},"end":{"line":37,"column":null}},"type":"if","locations":[{"start":{"line":6,"column":4},"end":{"line":37,"column":null}}]},"1":{"loc":{"start":{"line":6,"column":8},"end":{"line":6,"column":21}},"type":"binary-expr","locations":[{"start":{"line":6,"column":8},"end":{"line":6,"column":14}},{"start":{"line":6,"column":18},"end":{"line":6,"column":21}}]},"2":{"loc":{"start":{"line":29,"column":10},"end":{"line":31,"column":null}},"type":"if","locations":[{"start":{"line":29,"column":10},"end":{"line":31,"column":null}}]}},"s":{"0":0,"1":0,"2":0,"3":0,"4":0,"5":0,"6":0,"7":0,"8":0,"9":0,"10":0,"11":0,"12":0,"13":0,"14":0,"15":0,"16":0,"17":0,"18":0,"19":0,"20":0,"21":0,"22":0,"23":0,"24":0,"25":0,"26":0,"27":0,"28":0},"f":{"0":0,"1":0,"2":0},"b":{"0":[0],"1":[0,0],"2":[0]}}
,"/Users/quinnjohnson/Desktop/PokemonFront/src/vite-env.d.ts": {"path":"/Users/quinnjohnson/Desktop/PokemonFront/src/vite-env.d.ts","statementMap":{},"fnMap":{},"branchMap":{},"s":{},"f":{},"b":{}}
,"/Users/quinnjohnson/Desktop/PokemonFront/src/Pokefunctions/getFunctions.ts": {"path":"/Users/quinnjohnson/Desktop/PokemonFront/src/Pokefunctions/getFunctions.ts","statementMap":{"0":{"start":{"line":3,"column":0},"end":{"line":3,"column":26}},"1":{"start":{"line":7,"column":2},"end":{"line":20,"column":null}},"2":{"start":{"line":8,"column":21},"end":{"line":8,"column":86}},"3":{"start":{"line":9,"column":17},"end":{"line":9,"column":30}},"4":{"start":{"line":10,"column":37},"end":{"line":15,"column":7}},"5":{"start":{"line":10,"column":72},"end":{"line":15,"column":6}},"6":{"start":{"line":16,"column":4},"end":{"line":16,"column":20}},"7":{"start":{"line":18,"column":4},"end":{"line":18,"column":23}},"8":{"start":{"line":19,"column":4},"end":{"line":19,"column":21}},"9":{"start":{"line":6,"column":0},"end":{"line":6,"column":7}},"10":{"start":{"line":23,"column":19},"end":{"line":23,"column":76}},"11":{"start":{"line":24,"column":16},"end":{"line":24,"column":29}},"12":{"start":{"line":25,"column":20},"end":{"line":28,"column":null}},"13":{"start":{"line":29,"column":2},"end":{"line":29,"column":null}},"14":{"start":{"line":22,"column":0},"end":{"line":22,"column":7}},"15":{"start":{"line":34,"column":2},"end":{"line":42,"column":null}},"16":{"start":{"line":35,"column":21},"end":{"line":36,"column":null}},"17":{"start":{"line":38,"column":17},"end":{"line":38,"column":30}},"18":{"start":{"line":39,"column":4},"end":{"line":39,"column":16}},"19":{"start":{"line":41,"column":4},"end":{"line":41,"column":23}},"20":{"start":{"line":33,"column":0},"end":{"line":33,"column":7}},"21":{"start":{"line":45,"column":4},"end":{"line":54,"column":null}},"22":{"start":{"line":46,"column":23},"end":{"line":47,"column":null}},"23":{"start":{"line":49,"column":19},"end":{"line":49,"column":32}},"24":{"start":{"line":50,"column":6},"end":{"line":50,"column":null}},"25":{"start":{"line":51,"column":6},"end":{"line":51,"column":18}},"26":{"start":{"line":53,"column":6},"end":{"line":53,"column":25}},"27":{"start":{"line":44,"column":0},"end":{"line":44,"column":7}},"28":{"start":{"line":58,"column":4},"end":{"line":67,"column":null}},"29":{"start":{"line":59,"column":23},"end":{"line":60,"column":null}},"30":{"start":{"line":62,"column":19},"end":{"line":62,"column":32}},"31":{"start":{"line":63,"column":6},"end":{"line":63,"column":null}},"32":{"start":{"line":64,"column":6},"end":{"line":64,"column":18}},"33":{"start":{"line":66,"column":6},"end":{"line":66,"column":25}},"34":{"start":{"line":57,"column":2},"end":{"line":57,"column":9}},"35":{"start":{"line":76,"column":4},"end":{"line":85,"column":null}},"36":{"start":{"line":77,"column":23},"end":{"line":78,"column":null}},"37":{"start":{"line":80,"column":19},"end":{"line":80,"column":32}},"38":{"start":{"line":81,"column":6},"end":{"line":81,"column":null}},"39":{"start":{"line":82,"column":6},"end":{"line":82,"column":18}},"40":{"start":{"line":84,"column":6},"end":{"line":84,"column":25}},"41":{"start":{"line":75,"column":2},"end":{"line":75,"column":9}},"42":{"start":{"line":90,"column":2},"end":{"line":97,"column":null}},"43":{"start":{"line":91,"column":21},"end":{"line":91,"column":77}},"44":{"start":{"line":92,"column":17},"end":{"line":92,"column":32}},"45":{"start":{"line":93,"column":4},"end":{"line":93,"column":null}},"46":{"start":{"line":94,"column":4},"end":{"line":94,"column":16}},"47":{"start":{"line":96,"column":4},"end":{"line":96,"column":23}},"48":{"start":{"line":89,"column":2},"end":{"line":89,"column":9}},"49":{"start":{"line":101,"column":26},"end":{"line":101,"column":53}},"50":{"start":{"line":102,"column":4},"end":{"line":113,"column":null}},"51":{"start":{"line":103,"column":22},"end":{"line":103,"column":99}},"52":{"start":{"line":104,"column":26},"end":{"line":104,"column":38}},"53":{"start":{"line":105,"column":27},"end":{"line":105,"column":64}},"54":{"start":{"line":107,"column":23},"end":{"line":107,"column":48}},"55":{"start":{"line":108,"column":19},"end":{"line":108,"column":34}},"56":{"start":{"line":109,"column":6},"end":{"line":109,"column":null}},"57":{"start":{"line":110,"column":6},"end":{"line":110,"column":18}},"58":{"start":{"line":112,"column":6},"end":{"line":112,"column":25}},"59":{"start":{"line":100,"column":2},"end":{"line":100,"column":9}},"60":{"start":{"line":117,"column":4},"end":{"line":126,"column":null}},"61":{"start":{"line":118,"column":23},"end":{"line":119,"column":null}},"62":{"start":{"line":121,"column":19},"end":{"line":121,"column":32}},"63":{"start":{"line":122,"column":6},"end":{"line":122,"column":null}},"64":{"start":{"line":123,"column":6},"end":{"line":123,"column":18}},"65":{"start":{"line":125,"column":6},"end":{"line":125,"column":25}},"66":{"start":{"line":116,"column":2},"end":{"line":116,"column":9}},"67":{"start":{"line":129,"column":4},"end":{"line":138,"column":null}},"68":{"start":{"line":130,"column":23},"end":{"line":131,"column":null}},"69":{"start":{"line":133,"column":19},"end":{"line":133,"column":32}},"70":{"start":{"line":134,"column":6},"end":{"line":134,"column":null}},"71":{"start":{"line":135,"column":6},"end":{"line":135,"column":18}},"72":{"start":{"line":137,"column":6},"end":{"line":137,"column":25}},"73":{"start":{"line":128,"column":2},"end":{"line":128,"column":9}},"74":{"start":{"line":143,"column":2},"end":{"line":143,"column":34}},"75":{"start":{"line":144,"column":2},"end":{"line":151,"column":null}},"76":{"start":{"line":145,"column":21},"end":{"line":145,"column":85}},"77":{"start":{"line":146,"column":17},"end":{"line":146,"column":30}},"78":{"start":{"line":147,"column":4},"end":{"line":147,"column":22}},"79":{"start":{"line":148,"column":4},"end":{"line":148,"column":16}},"80":{"start":{"line":150,"column":4},"end":{"line":150,"column":23}},"81":{"start":{"line":142,"column":0},"end":{"line":142,"column":7}},"82":{"start":{"line":156,"column":2},"end":{"line":156,"column":52}},"83":{"start":{"line":155,"column":0},"end":{"line":155,"column":16}}},"fnMap":{"0":{"name":"getLearnset","decl":{"start":{"line":6,"column":22},"end":{"line":6,"column":33}},"loc":{"start":{"line":6,"column":51},"end":{"line":21,"column":1}}},"1":{"name":"(anonymous_1)","decl":{"start":{"line":10,"column":52},"end":{"line":10,"column":53}},"loc":{"start":{"line":10,"column":72},"end":{"line":15,"column":6}}},"2":{"name":"getMoveInfo","decl":{"start":{"line":22,"column":22},"end":{"line":22,"column":33}},"loc":{"start":{"line":22,"column":45},"end":{"line":30,"column":1}}},"3":{"name":"getAllPokemon","decl":{"start":{"line":33,"column":22},"end":{"line":33,"column":35}},"loc":{"start":{"line":33,"column":76},"end":{"line":43,"column":1}}},"4":{"name":"getPokemonById","decl":{"start":{"line":44,"column":22},"end":{"line":44,"column":36}},"loc":{"start":{"line":44,"column":58},"end":{"line":55,"column":3}}},"5":{"name":"getPokemonByName","decl":{"start":{"line":57,"column":24},"end":{"line":57,"column":40}},"loc":{"start":{"line":57,"column":64},"end":{"line":68,"column":3}}},"6":{"name":"getRandomPokemon","decl":{"start":{"line":75,"column":24},"end":{"line":75,"column":40}},"loc":{"start":{"line":75,"column":40},"end":{"line":86,"column":3}}},"7":{"name":"getPokeIdByName","decl":{"start":{"line":89,"column":24},"end":{"line":89,"column":39}},"loc":{"start":{"line":89,"column":61},"end":{"line":98,"column":3}}},"8":{"name":"getPokemonEvolution","decl":{"start":{"line":100,"column":24},"end":{"line":100,"column":43}},"loc":{"start":{"line":100,"column":55},"end":{"line":114,"column":5}}},"9":{"name":"getPokemonByType","decl":{"start":{"line":116,"column":24},"end":{"line":116,"column":40}},"loc":{"start":{"line":116,"column":77},"end":{"line":127,"column":3}}},"10":{"name":"getPokemonByAbility","decl":{"start":{"line":128,"column":24},"end":{"line":128,"column":43}},"loc":{"start":{"line":128,"column":83},"end":{"line":139,"column":3}}},"11":{"name":"getAllPokemonImgs","decl":{"start":{"line":142,"column":22},"end":{"line":142,"column":39}},"loc":{"start":{"line":142,"column":55},"end":{"line":152,"column":1}}},"12":{"name":"capitalizeFirstLetter","decl":{"start":{"line":155,"column":16},"end":{"line":155,"column":37}},"loc":{"start":{"line":155,"column":49},"end":{"line":157,"column":1}}}},"branchMap":{"0":{"loc":{"start":{"line":33,"column":60},"end":{"line":33,"column":76}},"type":"default-arg","locations":[{"start":{"line":33,"column":74},"end":{"line":33,"column":76}}]}},"s":{"0":2,"1":0,"2":0,"3":0,"4":0,"5":0,"6":0,"7":0,"8":0,"9":2,"10":0,"11":0,"12":0,"13":0,"14":2,"15":0,"16":0,"17":0,"18":0,"19":0,"20":2,"21":0,"22":0,"23":0,"24":0,"25":0,"26":0,"27":2,"28":0,"29":0,"30":0,"31":0,"32":0,"33":0,"34":2,"35":0,"36":0,"37":0,"38":0,"39":0,"40":0,"41":2,"42":0,"43":0,"44":0,"45":0,"46":0,"47":0,"48":2,"49":0,"50":0,"51":0,"52":0,"53":0,"54":0,"55":0,"56":0,"57":0,"58":0,"59":2,"60":0,"61":0,"62":0,"63":0,"64":0,"65":0,"66":2,"67":0,"68":0,"69":0,"70":0,"71":0,"72":0,"73":2,"74":0,"75":0,"76":0,"77":0,"78":0,"79":0,"80":0,"81":2,"82":0,"83":2},"f":{"0":0,"1":0,"2":0,"3":0,"4":0,"5":0,"6":0,"7":0,"8":0,"9":0,"10":0,"11":0,"12":0},"b":{"0":[0]}}
}
