TN:
SF:src/constants.ts
FNF:0
FNH:0
DA:1,0
LF:1
LH:0
BRF:0
BRH:0
end_of_record
TN:
SF:src/interfaces.ts
FNF:0
FNH:0
DA:65,0
LF:1
LH:0
BRF:0
BRH:0
end_of_record
TN:
SF:src/starfield.ts
FN:1,(anonymous_0)
FN:18,(anonymous_1)
FN:39,(anonymous_2)
FNF:3
FNH:0
FNDA:0,(anonymous_0)
FNDA:0,(anonymous_1)
FNDA:0,(anonymous_2)
DA:1,0
DA:2,0
DA:3,0
DA:6,0
DA:7,0
DA:8,0
DA:10,0
DA:11,0
DA:12,0
DA:13,0
DA:14,0
DA:15,0
DA:18,0
DA:19,0
DA:20,0
DA:21,0
DA:22,0
DA:23,0
DA:24,0
DA:27,0
DA:28,0
DA:29,0
DA:30,0
DA:33,0
DA:36,0
DA:39,0
DA:40,0
LF:27
LH:0
BRDA:6,0,0,0
BRDA:6,1,0,0
BRDA:6,1,1,0
BRDA:29,2,0,0
BRF:4
BRH:0
end_of_record
TN:
SF:src/vite-env.d.ts
FNF:0
FNH:0
LF:0
LH:0
BRF:0
BRH:0
end_of_record
TN:
SF:src/Pokefunctions/getFunctions.ts
FN:6,getLearnset
FN:10,(anonymous_1)
FN:22,getMoveInfo
FN:33,getAllPokemon
FN:44,getPokemonById
FN:57,getPokemonByName
FN:75,getRandomPokemon
FN:89,getPokeIdByName
FN:100,getPokemonEvolution
FN:116,getPokemonByType
FN:128,getPokemonByAbility
FN:142,getAllPokemonImgs
FN:155,capitalizeFirstLetter
FNF:13
FNH:0
FNDA:0,getLearnset
FNDA:0,(anonymous_1)
FNDA:0,getMoveInfo
FNDA:0,getAllPokemon
FNDA:0,getPokemonById
FNDA:0,getPokemonByName
FNDA:0,getRandomPokemon
FNDA:0,getPokeIdByName
FNDA:0,getPokemonEvolution
FNDA:0,getPokemonByType
FNDA:0,getPokemonByAbility
FNDA:0,getAllPokemonImgs
FNDA:0,capitalizeFirstLetter
DA:3,2
DA:6,2
DA:7,0
DA:8,0
DA:9,0
DA:10,0
DA:16,0
DA:18,0
DA:19,0
DA:22,2
DA:23,0
DA:24,0
DA:25,0
DA:29,0
DA:33,2
DA:34,0
DA:35,0
DA:38,0
DA:39,0
DA:41,0
DA:44,2
DA:45,0
DA:46,0
DA:49,0
DA:50,0
DA:51,0
DA:53,0
DA:57,2
DA:58,0
DA:59,0
DA:62,0
DA:63,0
DA:64,0
DA:66,0
DA:75,2
DA:76,0
DA:77,0
DA:80,0
DA:81,0
DA:82,0
DA:84,0
DA:89,2
DA:90,0
DA:91,0
DA:92,0
DA:93,0
DA:94,0
DA:96,0
DA:100,2
DA:101,0
DA:102,0
DA:103,0
DA:104,0
DA:105,0
DA:107,0
DA:108,0
DA:109,0
DA:110,0
DA:112,0
DA:116,2
DA:117,0
DA:118,0
DA:121,0
DA:122,0
DA:123,0
DA:125,0
DA:128,2
DA:129,0
DA:130,0
DA:133,0
DA:134,0
DA:135,0
DA:137,0
DA:142,2
DA:143,0
DA:144,0
DA:145,0
DA:146,0
DA:147,0
DA:148,0
DA:150,0
DA:155,2
DA:156,0
LF:83
LH:13
BRDA:33,0,0,0
BRF:1
BRH:0
end_of_record
